Base path: C:/Users/ewoli/Desktop/Editor/Data
Cmd: initializeCompiler
Cmd: preprocess
  insize=963 outsize=362 ok=1
Cmd: preprocess
  insize=1375 outsize=618 ok=1
Cmd: preprocess
  insize=7234 outsize=2257 ok=1
Cmd: preprocess
  error: 2 plat 21 at (162): Can't find include file Assets/Oculus/Avatar/Content/Materials/AvatarMaterialStateShader.cginc
  insize=6191 outsize=5187 ok=0
Cmd: preprocess
  insize=2147 outsize=1064 ok=1
Cmd: preprocess
  insize=760 outsize=282 ok=1
Cmd: preprocess
  insize=2169 outsize=726 ok=1
Cmd: preprocess
  insize=1467 outsize=485 ok=1
Cmd: preprocess
  insize=1079 outsize=340 ok=1
Cmd: preprocess
  insize=1044 outsize=1215 ok=1
Cmd: preprocess
  insize=1844 outsize=784 ok=1
Cmd: preprocess
  insize=566 outsize=563 ok=1
Cmd: preprocess
  insize=2105 outsize=510 ok=1
Cmd: preprocess
  insize=2607 outsize=887 ok=1
Cmd: preprocess
  insize=4274 outsize=1549 ok=1
Cmd: preprocess
  insize=807 outsize=212 ok=1
Cmd: preprocess
  insize=553 outsize=309 ok=1
Cmd: preprocess
  insize=1442 outsize=484 ok=1
Cmd: preprocess
  insize=3230 outsize=598 ok=1
Cmd: preprocess
  insize=2949 outsize=1144 ok=1
Cmd: preprocess
  insize=1568 outsize=619 ok=1
Cmd: preprocess
  insize=898 outsize=444 ok=1
Cmd: preprocess
  insize=3023 outsize=1003 ok=1
Cmd: preprocess
  insize=338 outsize=338 ok=1
Cmd: preprocess
  error: 2 plat 21 at (128): Can't find include file Assets/Oculus/Avatar/Content/Materials/AvatarMaterialStateShader.cginc
  insize=5678 outsize=5041 ok=0
Cmd: preprocess
  insize=1004 outsize=1804 ok=1
Cmd: preprocess
  insize=1730 outsize=949 ok=1
Cmd: preprocess
  insize=1014 outsize=360 ok=1
Cmd: preprocess
  insize=4267 outsize=1245 ok=1
Cmd: preprocess
  insize=1745 outsize=1632 ok=1
